<?xml version="1.0" encoding="UTF-8"?>
<!-- Generated by org.testng.reporters.JUnitReportReporter -->
<testsuite skipped="0" hostname="DESKTOP-E9AFF41" name="com.framework.tests.CSVTests" tests="1" failures="0" timestamp="04 Nov 2019 14:44:16 GMT" time="0.047" errors="0">
  <testcase name="GetCSVColumnValuesTest" time="0.047" classname="com.framework.tests.CSVTests"/>
</testsuite> <!-- com.framework.tests.CSVTests -->
