<?xml version="1.0" encoding="UTF-8"?>
<!-- Generated by org.testng.reporters.JUnitReportReporter -->
<testsuite skipped="0" hostname="DESKTOP-E9AFF41" name="com.framework.tests.SampleTests" tests="1" failures="0" timestamp="04 Nov 2019 17:27:05 GMT" time="21.294" errors="0">
  <testcase name="firstTest" time="21.294" classname="com.framework.tests.SampleTests"/>
</testsuite> <!-- com.framework.tests.SampleTests -->
